  pch.cpp
  Launcher.cpp
  Launcher.vcxproj -> J:\Users\samuel desbiens\Desktop\Career related\PORTFOLIO\Photos\20191209233728_EFCS_SDesbiens\Debug\Launcher.exe
  J:\Users\samuel desbiens\Desktop\Career related\PORTFOLIO\Photos\20191209233728_EFCS_SDesbiens\Launcher\Assets\passwords.xml -> J:\Users\samuel desbiens\Desktop\Career related\PORTFOLIO\Photos\20191209233728_EFCS_SDesbiens\Debug\Assets\passwords.xml
  J:\Users\samuel desbiens\Desktop\Career related\PORTFOLIO\Photos\20191209233728_EFCS_SDesbiens\Launcher\Assets\Bitmaps\ammo1.tga -> J:\Users\samuel desbiens\Desktop\Career related\PORTFOLIO\Photos\20191209233728_EFCS_SDesbiens\Debug\Assets\Bitmaps\ammo1.tga
  J:\Users\samuel desbiens\Desktop\Career related\PORTFOLIO\Photos\20191209233728_EFCS_SDesbiens\Launcher\Assets\Bitmaps\AmmoBonus.jpg -> J:\Users\samuel desbiens\Desktop\Career related\PORTFOLIO\Photos\20191209233728_EFCS_SDesbiens\Debug\Assets\Bitmaps\AmmoBonus.jpg
  J:\Users\samuel desbiens\Desktop\Career related\PORTFOLIO\Photos\20191209233728_EFCS_SDesbiens\Launcher\Assets\Bitmaps\AmmoBonus.tga -> J:\Users\samuel desbiens\Desktop\Career related\PORTFOLIO\Photos\20191209233728_EFCS_SDesbiens\Debug\Assets\Bitmaps\AmmoBonus.tga
  J:\Users\samuel desbiens\Desktop\Career related\PORTFOLIO\Photos\20191209233728_EFCS_SDesbiens\Launcher\Assets\Bitmaps\bomb_sprite.png -> J:\Users\samuel desbiens\Desktop\Career related\PORTFOLIO\Photos\20191209233728_EFCS_SDesbiens\Debug\Assets\Bitmaps\bomb_sprite.png
  J:\Users\samuel desbiens\Desktop\Career related\PORTFOLIO\Photos\20191209233728_EFCS_SDesbiens\Launcher\Assets\Bitmaps\button.jpg -> J:\Users\samuel desbiens\Desktop\Career related\PORTFOLIO\Photos\20191209233728_EFCS_SDesbiens\Debug\Assets\Bitmaps\button.jpg
  J:\Users\samuel desbiens\Desktop\Career related\PORTFOLIO\Photos\20191209233728_EFCS_SDesbiens\Launcher\Assets\Bitmaps\checked.jpg -> J:\Users\samuel desbiens\Desktop\Career related\PORTFOLIO\Photos\20191209233728_EFCS_SDesbiens\Debug\Assets\Bitmaps\checked.jpg
  J:\Users\samuel desbiens\Desktop\Career related\PORTFOLIO\Photos\20191209233728_EFCS_SDesbiens\Launcher\Assets\Bitmaps\ConnectBackground.jpg -> J:\Users\samuel desbiens\Desktop\Career related\PORTFOLIO\Photos\20191209233728_EFCS_SDesbiens\Debug\Assets\Bitmaps\ConnectBackground.jpg
  J:\Users\samuel desbiens\Desktop\Career related\PORTFOLIO\Photos\20191209233728_EFCS_SDesbiens\Launcher\Assets\Bitmaps\enemy1.jpg -> J:\Users\samuel desbiens\Desktop\Career related\PORTFOLIO\Photos\20191209233728_EFCS_SDesbiens\Debug\Assets\Bitmaps\enemy1.jpg
  J:\Users\samuel desbiens\Desktop\Career related\PORTFOLIO\Photos\20191209233728_EFCS_SDesbiens\Launcher\Assets\Bitmaps\enemy1.tga -> J:\Users\samuel desbiens\Desktop\Career related\PORTFOLIO\Photos\20191209233728_EFCS_SDesbiens\Debug\Assets\Bitmaps\enemy1.tga
  J:\Users\samuel desbiens\Desktop\Career related\PORTFOLIO\Photos\20191209233728_EFCS_SDesbiens\Launcher\Assets\Bitmaps\enemy2.tga -> J:\Users\samuel desbiens\Desktop\Career related\PORTFOLIO\Photos\20191209233728_EFCS_SDesbiens\Debug\Assets\Bitmaps\enemy2.tga
  J:\Users\samuel desbiens\Desktop\Career related\PORTFOLIO\Photos\20191209233728_EFCS_SDesbiens\Launcher\Assets\Bitmaps\enemyBoss.tga -> J:\Users\samuel desbiens\Desktop\Career related\PORTFOLIO\Photos\20191209233728_EFCS_SDesbiens\Debug\Assets\Bitmaps\enemyBoss.tga
  J:\Users\samuel desbiens\Desktop\Career related\PORTFOLIO\Photos\20191209233728_EFCS_SDesbiens\Launcher\Assets\Bitmaps\GameplayBackground.jpg -> J:\Users\samuel desbiens\Desktop\Career related\PORTFOLIO\Photos\20191209233728_EFCS_SDesbiens\Debug\Assets\Bitmaps\GameplayBackground.jpg
  J:\Users\samuel desbiens\Desktop\Career related\PORTFOLIO\Photos\20191209233728_EFCS_SDesbiens\Launcher\Assets\Bitmaps\grenade.tga -> J:\Users\samuel desbiens\Desktop\Career related\PORTFOLIO\Photos\20191209233728_EFCS_SDesbiens\Debug\Assets\Bitmaps\grenade.tga
  J:\Users\samuel desbiens\Desktop\Career related\PORTFOLIO\Photos\20191209233728_EFCS_SDesbiens\Launcher\Assets\Bitmaps\GrenadeBonus.jpg -> J:\Users\samuel desbiens\Desktop\Career related\PORTFOLIO\Photos\20191209233728_EFCS_SDesbiens\Debug\Assets\Bitmaps\GrenadeBonus.jpg
  J:\Users\samuel desbiens\Desktop\Career related\PORTFOLIO\Photos\20191209233728_EFCS_SDesbiens\Launcher\Assets\Bitmaps\grenadebonus.tga -> J:\Users\samuel desbiens\Desktop\Career related\PORTFOLIO\Photos\20191209233728_EFCS_SDesbiens\Debug\Assets\Bitmaps\grenadebonus.tga
  J:\Users\samuel desbiens\Desktop\Career related\PORTFOLIO\Photos\20191209233728_EFCS_SDesbiens\Launcher\Assets\Bitmaps\hero.jpg -> J:\Users\samuel desbiens\Desktop\Career related\PORTFOLIO\Photos\20191209233728_EFCS_SDesbiens\Debug\Assets\Bitmaps\hero.jpg
  J:\Users\samuel desbiens\Desktop\Career related\PORTFOLIO\Photos\20191209233728_EFCS_SDesbiens\Launcher\Assets\Bitmaps\hero.tga -> J:\Users\samuel desbiens\Desktop\Career related\PORTFOLIO\Photos\20191209233728_EFCS_SDesbiens\Debug\Assets\Bitmaps\hero.tga
  J:\Users\samuel desbiens\Desktop\Career related\PORTFOLIO\Photos\20191209233728_EFCS_SDesbiens\Launcher\Assets\Bitmaps\itemammo1.jpg -> J:\Users\samuel desbiens\Desktop\Career related\PORTFOLIO\Photos\20191209233728_EFCS_SDesbiens\Debug\Assets\Bitmaps\itemammo1.jpg
  J:\Users\samuel desbiens\Desktop\Career related\PORTFOLIO\Photos\20191209233728_EFCS_SDesbiens\Launcher\Assets\Bitmaps\itemgrenade.jpg -> J:\Users\samuel desbiens\Desktop\Career related\PORTFOLIO\Photos\20191209233728_EFCS_SDesbiens\Debug\Assets\Bitmaps\itemgrenade.jpg
  J:\Users\samuel desbiens\Desktop\Career related\PORTFOLIO\Photos\20191209233728_EFCS_SDesbiens\Launcher\Assets\Bitmaps\itemultimategrenade.jpg -> J:\Users\samuel desbiens\Desktop\Career related\PORTFOLIO\Photos\20191209233728_EFCS_SDesbiens\Debug\Assets\Bitmaps\itemultimategrenade.jpg
  J:\Users\samuel desbiens\Desktop\Career related\PORTFOLIO\Photos\20191209233728_EFCS_SDesbiens\Launcher\Assets\Bitmaps\LeaderboardBackground.jpg -> J:\Users\samuel desbiens\Desktop\Career related\PORTFOLIO\Photos\20191209233728_EFCS_SDesbiens\Debug\Assets\Bitmaps\LeaderboardBackground.jpg
  J:\Users\samuel desbiens\Desktop\Career related\PORTFOLIO\Photos\20191209233728_EFCS_SDesbiens\Launcher\Assets\Bitmaps\LeaderboardEntryBackground.jpg -> J:\Users\samuel desbiens\Desktop\Career related\PORTFOLIO\Photos\20191209233728_EFCS_SDesbiens\Debug\Assets\Bitmaps\LeaderboardEntryBackground.jpg
  J:\Users\samuel desbiens\Desktop\Career related\PORTFOLIO\Photos\20191209233728_EFCS_SDesbiens\Launcher\Assets\Bitmaps\MainMenuBackground.jpg -> J:\Users\samuel desbiens\Desktop\Career related\PORTFOLIO\Photos\20191209233728_EFCS_SDesbiens\Debug\Assets\Bitmaps\MainMenuBackground.jpg
  J:\Users\samuel desbiens\Desktop\Career related\PORTFOLIO\Photos\20191209233728_EFCS_SDesbiens\Launcher\Assets\Bitmaps\MainMenuBackground.tga -> J:\Users\samuel desbiens\Desktop\Career related\PORTFOLIO\Photos\20191209233728_EFCS_SDesbiens\Debug\Assets\Bitmaps\MainMenuBackground.tga
  J:\Users\samuel desbiens\Desktop\Career related\PORTFOLIO\Photos\20191209233728_EFCS_SDesbiens\Launcher\Assets\Bitmaps\MainMenuQuit.jpg -> J:\Users\samuel desbiens\Desktop\Career related\PORTFOLIO\Photos\20191209233728_EFCS_SDesbiens\Debug\Assets\Bitmaps\MainMenuQuit.jpg
  J:\Users\samuel desbiens\Desktop\Career related\PORTFOLIO\Photos\20191209233728_EFCS_SDesbiens\Launcher\Assets\Bitmaps\MainMenuStartGame.jpg -> J:\Users\samuel desbiens\Desktop\Career related\PORTFOLIO\Photos\20191209233728_EFCS_SDesbiens\Debug\Assets\Bitmaps\MainMenuStartGame.jpg
  J:\Users\samuel desbiens\Desktop\Career related\PORTFOLIO\Photos\20191209233728_EFCS_SDesbiens\Launcher\Assets\Bitmaps\shield.jpg -> J:\Users\samuel desbiens\Desktop\Career related\PORTFOLIO\Photos\20191209233728_EFCS_SDesbiens\Debug\Assets\Bitmaps\shield.jpg
  J:\Users\samuel desbiens\Desktop\Career related\PORTFOLIO\Photos\20191209233728_EFCS_SDesbiens\Launcher\Assets\Bitmaps\shieldbonus.tga -> J:\Users\samuel desbiens\Desktop\Career related\PORTFOLIO\Photos\20191209233728_EFCS_SDesbiens\Debug\Assets\Bitmaps\shieldbonus.tga
  J:\Users\samuel desbiens\Desktop\Career related\PORTFOLIO\Photos\20191209233728_EFCS_SDesbiens\Launcher\Assets\Bitmaps\ultimategrenade.tga -> J:\Users\samuel desbiens\Desktop\Career related\PORTFOLIO\Photos\20191209233728_EFCS_SDesbiens\Debug\Assets\Bitmaps\ultimategrenade.tga
  J:\Users\samuel desbiens\Desktop\Career related\PORTFOLIO\Photos\20191209233728_EFCS_SDesbiens\Launcher\Assets\Bitmaps\UltimateGrenadeBonus.jpg -> J:\Users\samuel desbiens\Desktop\Career related\PORTFOLIO\Photos\20191209233728_EFCS_SDesbiens\Debug\Assets\Bitmaps\UltimateGrenadeBonus.jpg
  J:\Users\samuel desbiens\Desktop\Career related\PORTFOLIO\Photos\20191209233728_EFCS_SDesbiens\Launcher\Assets\Bitmaps\ultimategrenadebonus.tga -> J:\Users\samuel desbiens\Desktop\Career related\PORTFOLIO\Photos\20191209233728_EFCS_SDesbiens\Debug\Assets\Bitmaps\ultimategrenadebonus.tga
  J:\Users\samuel desbiens\Desktop\Career related\PORTFOLIO\Photos\20191209233728_EFCS_SDesbiens\Launcher\Assets\Bitmaps\unchecked.jpg -> J:\Users\samuel desbiens\Desktop\Career related\PORTFOLIO\Photos\20191209233728_EFCS_SDesbiens\Debug\Assets\Bitmaps\unchecked.jpg
  J:\Users\samuel desbiens\Desktop\Career related\PORTFOLIO\Photos\20191209233728_EFCS_SDesbiens\Launcher\Assets\Fonts\DSDIGI.TTF -> J:\Users\samuel desbiens\Desktop\Career related\PORTFOLIO\Photos\20191209233728_EFCS_SDesbiens\Debug\Assets\Fonts\DSDIGI.TTF
  J:\Users\samuel desbiens\Desktop\Career related\PORTFOLIO\Photos\20191209233728_EFCS_SDesbiens\Launcher\Assets\Fonts\DSDIGIB.TTF -> J:\Users\samuel desbiens\Desktop\Career related\PORTFOLIO\Photos\20191209233728_EFCS_SDesbiens\Debug\Assets\Fonts\DSDIGIB.TTF
  35 File(s) copied
